<?xml version="1.0" encoding="UTF-8"?>
<!-- Generated by org.testng.reporters.JUnitXMLReporter -->
<testsuite ignored="7" hostname="DESKTOP-P5IVB9J" failures="0" tests="1" name="Default test" time="10.089" errors="0" timestamp="2025-04-26T19:21:09 EET">
  <testcase classname="MyClass" name="Tbale" time="0.237"/>
  <testcase classname="MyClass" name="CheckBoxes" time="0.0">
    <ignored/>
  </testcase> <!-- CheckBoxes -->
  <testcase classname="MyClass" name="NewTab" time="0.0">
    <ignored/>
  </testcase> <!-- NewTab -->
  <testcase classname="MyClass" name="Alert" time="0.0">
    <ignored/>
  </testcase> <!-- Alert -->
  <testcase classname="MyClass" name="DynamicDropDownList" time="0.0">
    <ignored/>
  </testcase> <!-- DynamicDropDownList -->
  <testcase classname="MyClass" name="StaticDropDownList" time="0.0">
    <ignored/>
  </testcase> <!-- StaticDropDownList -->
  <testcase classname="MyClass" name="NewWindow" time="0.0">
    <ignored/>
  </testcase> <!-- NewWindow -->
  <testcase classname="MyClass" name="RadioButton" time="0.0">
    <ignored/>
  </testcase> <!-- RadioButton -->
</testsuite> <!-- Default test -->
