<?xml version="1.0" encoding="UTF-8"?>
<testng-results ignored="7" total="8" passed="1" failed="0" skipped="0">
  <reporter-output>
  </reporter-output>
  <suite started-at="2025-04-26T19:20:59 EET" name="Default suite" finished-at="2025-04-26T19:21:09 EET" duration-ms="10089">
    <groups>
    </groups>
    <test started-at="2025-04-26T19:20:59 EET" name="Default test" finished-at="2025-04-26T19:21:09 EET" duration-ms="10089">
      <class name="MyClass">
        <test-method is-config="true" signature="MySetup()[pri:0, instance:MyClass@2f17e30d]" started-at="2025-04-26T19:20:59 EET" name="MySetup" finished-at="2025-04-26T19:21:09 EET" duration-ms="9821" status="PASS">
          <reporter-output>
          </reporter-output>
        </test-method> <!-- MySetup -->
        <test-method signature="Tbale()[pri:8, instance:MyClass@2f17e30d]" started-at="2025-04-26T19:21:09 EET" name="Tbale" finished-at="2025-04-26T19:21:09 EET" duration-ms="237" status="PASS">
          <reporter-output>
          </reporter-output>
        </test-method> <!-- Tbale -->
        <test-method is-config="true" signature="End()[pri:0, instance:MyClass@2f17e30d]" started-at="2025-04-26T19:21:09 EET" name="End" finished-at="2025-04-26T19:21:09 EET" duration-ms="0" status="PASS">
          <reporter-output>
          </reporter-output>
        </test-method> <!-- End -->
      </class> <!-- MyClass -->
    </test> <!-- Default test -->
  </suite> <!-- Default suite -->
</testng-results>
